2023-07-04 10:27:07,599 - INFO - Об_кл_1 клиент пришел в магазин
2023-07-04 10:27:07,600 - INFO - Об_кл_1 клиент добавлен в очередь
2023-07-04 10:27:07,600 - INFO - Об_кл_2 клиент пришел в магазин
2023-07-04 10:27:07,600 - INFO - Об_кл_2 клиент добавлен в очередь
2023-07-04 10:27:07,600 - INFO - Об_кл_3 клиент пришел в магазин
2023-07-04 10:27:07,600 - INFO - Об_кл_3 клиент добавлен в очередь
2023-07-04 10:27:07,600 - INFO - Киркоров - VIP клиент пришел в магазин
2023-07-04 10:27:07,600 - INFO - Киркоров - VIP клиент добавлен в очередь
2023-07-04 10:27:07,600 - INFO - Басков - VIP клиент пришел в магазин
2023-07-04 10:27:07,600 - INFO - Басков - VIP клиент добавлен в очередь
2023-07-04 10:27:07,600 - INFO - Петрович - пенсионер клиент пришел в магазин
2023-07-04 10:27:07,600 - INFO - Петрович - пенсионер клиент добавлен в очередь
2023-07-04 10:27:07,600 - INFO - Иваныч - пенсионер клиент пришел в магазин
2023-07-04 10:27:07,600 - INFO - Иваныч - пенсионер клиент добавлен в очередь
2023-07-04 10:27:07,600 - INFO - Пр_Кл_1 - участник Лето 2023 #1 клиент пришел в магазин
2023-07-04 10:27:07,600 - INFO - Пр_Кл_1 - участник Лето 2023 #1 клиент добавлен в очередь
2023-07-04 10:27:07,600 - INFO - Пр_Кл_2 - участник Лето 2023 #2 клиент пришел в магазин
2023-07-04 10:27:07,600 - INFO - Пр_Кл_2 - участник Лето 2023 #2 клиент добавлен в очередь
2023-07-04 10:27:07,600 - INFO - Пр_Кл_3 - участник Лето 2023 #3 клиент пришел в магазин
2023-07-04 10:27:07,600 - INFO - Пр_Кл_3 - участник Лето 2023 #3 клиент добавлен в очередь
2023-07-04 10:27:07,600 - INFO - Пр_Кл_4 - участник Лето 2023 #4 клиент пришел в магазин
2023-07-04 10:27:07,600 - INFO - Пр_Кл_4 - участник Лето 2023 #4 клиент добавлен в очередь
2023-07-04 10:27:07,600 - INFO - Пр_Кл_5 - участник Жаркая распродажа #1 клиент пришел в магазин
2023-07-04 10:27:07,600 - INFO - Пр_Кл_5 - участник Жаркая распродажа #1 клиент добавлен в очередь
2023-07-04 10:27:07,600 - INFO - Пр_Кл_6 - участник Жаркая распродажа #2 клиент пришел в магазин
2023-07-04 10:27:07,600 - INFO - Пр_Кл_6 - участник Жаркая распродажа #2 клиент добавлен в очередь
2023-07-04 10:27:07,600 - INFO - Пр_Кл_7 - участник Жаркая распродажа #3 клиент пришел в магазин
2023-07-04 10:27:07,600 - INFO - Пр_Кл_7 - участник Жаркая распродажа #3 клиент добавлен в очередь
2023-07-04 10:27:07,600 - INFO - Об_кл_1 клиент сделал заказ
2023-07-04 10:27:07,600 - INFO - Об_кл_2 клиент оформил возврат
2023-07-04 10:27:07,600 - INFO - Об_кл_3 клиент сделал заказ
2023-07-04 10:27:07,600 - INFO - Киркоров - VIP клиент сделал заказ
2023-07-04 10:27:07,600 - INFO - Басков - VIP клиент оформил возврат
2023-07-04 10:27:07,600 - INFO - Петрович - пенсионер клиент сделал заказ
2023-07-04 10:27:07,600 - INFO - Иваныч - пенсионер клиент оформил возврат
2023-07-04 10:27:07,600 - INFO - Пр_Кл_1 - участник Лето 2023 #1 клиент сделал заказ в рамках акции
2023-07-04 10:27:07,600 - INFO - Пр_Кл_2 - участник Лето 2023 #2 клиент сделал заказ в рамках акции
2023-07-04 10:27:07,600 - INFO - Пр_Кл_3 - участник Лето 2023 #3 не может сделать заказ в рамках акции
2023-07-04 10:27:07,600 - INFO - Пр_Кл_4 - участник Лето 2023 #4 не может сделать заказ в рамках акции
2023-07-04 10:27:07,600 - INFO - Пр_Кл_5 - участник Жаркая распродажа #1 клиент сделал заказ в рамках акции
2023-07-04 10:27:07,600 - INFO - Пр_Кл_6 - участник Жаркая распродажа #2 клиент сделал заказ в рамках акции
2023-07-04 10:27:07,600 - INFO - Пр_Кл_7 - участник Жаркая распродажа #3 не может сделать заказ в рамках акции
2023-07-04 10:27:07,600 - INFO - Об_кл_1 клиент получил свой заказ
2023-07-04 10:27:07,600 - INFO - Об_кл_2 клиент получил возврат
2023-07-04 10:27:07,600 - INFO - Об_кл_3 клиент получил свой заказ
2023-07-04 10:27:07,600 - INFO - Киркоров - VIP клиент получил свой заказ
2023-07-04 10:27:07,600 - INFO - Басков - VIP клиент получил возврат
2023-07-04 10:27:07,600 - INFO - Петрович - пенсионер клиент получил свой заказ
2023-07-04 10:27:07,600 - INFO - Иваныч - пенсионер клиент получил возврат
2023-07-04 10:27:07,600 - INFO - Пр_Кл_1 - участник Лето 2023 #1 клиент получил свой заказ
2023-07-04 10:27:07,600 - INFO - Пр_Кл_2 - участник Лето 2023 #2 клиент получил свой заказ
2023-07-04 10:27:07,600 - INFO - Пр_Кл_5 - участник Жаркая распродажа #1 клиент получил свой заказ
2023-07-04 10:27:07,600 - INFO - Пр_Кл_6 - участник Жаркая распродажа #2 клиент получил свой заказ
2023-07-04 10:27:07,600 - INFO - Об_кл_1 клиент ушел из очереди
2023-07-04 10:27:07,601 - INFO - Об_кл_2 клиент ушел из очереди
2023-07-04 10:27:07,601 - INFO - Об_кл_3 клиент ушел из очереди
2023-07-04 10:27:07,601 - INFO - Киркоров - VIP клиент ушел из очереди
2023-07-04 10:27:07,601 - INFO - Басков - VIP клиент ушел из очереди
2023-07-04 10:27:07,601 - INFO - Петрович - пенсионер клиент ушел из очереди
2023-07-04 10:27:07,601 - INFO - Иваныч - пенсионер клиент ушел из очереди
2023-07-04 10:27:07,601 - INFO - Пр_Кл_1 - участник Лето 2023 #1 клиент ушел из очереди
2023-07-04 10:27:07,601 - INFO - Пр_Кл_2 - участник Лето 2023 #2 клиент ушел из очереди
2023-07-04 10:27:07,601 - INFO - Пр_Кл_3 - участник Лето 2023 #3 клиент ушел из очереди
2023-07-04 10:27:07,601 - INFO - Пр_Кл_4 - участник Лето 2023 #4 клиент ушел из очереди
2023-07-04 10:27:07,601 - INFO - Пр_Кл_5 - участник Жаркая распродажа #1 клиент ушел из очереди
2023-07-04 10:27:07,601 - INFO - Пр_Кл_6 - участник Жаркая распродажа #2 клиент ушел из очереди
2023-07-04 10:27:07,601 - INFO - Пр_Кл_7 - участник Жаркая распродажа #3 клиент ушел из очереди
2023-07-04 10:27:07,601 - INFO - Об_кл_1 клиент ушел из магазина
2023-07-04 10:27:07,601 - INFO - Об_кл_2 клиент ушел из магазина
2023-07-04 10:27:07,601 - INFO - Об_кл_3 клиент ушел из магазина
2023-07-04 10:27:07,601 - INFO - Киркоров - VIP клиент ушел из магазина
2023-07-04 10:27:07,601 - INFO - Басков - VIP клиент ушел из магазина
2023-07-04 10:27:07,601 - INFO - Петрович - пенсионер клиент ушел из магазина
2023-07-04 10:27:07,601 - INFO - Иваныч - пенсионер клиент ушел из магазина
2023-07-04 10:27:07,601 - INFO - Пр_Кл_1 - участник Лето 2023 #1 клиент ушел из магазина
2023-07-04 10:27:07,601 - INFO - Пр_Кл_2 - участник Лето 2023 #2 клиент ушел из магазина
2023-07-04 10:27:07,601 - INFO - Пр_Кл_3 - участник Лето 2023 #3 клиент ушел из магазина
2023-07-04 10:27:07,601 - INFO - Пр_Кл_4 - участник Лето 2023 #4 клиент ушел из магазина
2023-07-04 10:27:07,601 - INFO - Пр_Кл_5 - участник Жаркая распродажа #1 клиент ушел из магазина
2023-07-04 10:27:07,601 - INFO - Пр_Кл_6 - участник Жаркая распродажа #2 клиент ушел из магазина
2023-07-04 10:27:07,601 - INFO - Пр_Кл_7 - участник Жаркая распродажа #3 клиент ушел из магазина
